[dotenv@17.2.3] injecting env (11) from ../.env -- tip: 📡 add observability to secrets: https://dotenvx.com/ops
[dotenv@17.2.3] injecting env (0) from ../.env -- tip: ⚙️  load multiple .env files with { path: ['.env.local', '.env'] }
[Execution] 🔑 Wallet Loaded: 2xQ4KCE7tCogEAsXjGuT8VvzLMVHCDLf4atuVaJsHswK
[dotenv@17.2.3] injecting env (4) from .env -- tip: 🔐 prevent committing .env to code: https://dotenvx.com/precommit
[dotenv@17.2.3] injecting env (0) from ../.env -- tip: 🔐 prevent building .env in docker: https://dotenvx.com/prebuild
[dotenv@17.2.3] injecting env (0) from .env -- tip: ⚙️  enable debug logging with { debug: true }
[dotenv@17.2.3] injecting env (0) from .env -- tip: 🔑 add access controls to secrets: https://dotenvx.com/ops
🤖 Cybersolybot v2.0 - SWAP ENGINE ACTIVATED
💰 Wallet: 2xQ4KCE7tCogEAsXjGuT8VvzLMVHCDLf4atuVaJsHswK
🎯 Strategy: Meteora Yield Farming
[Yield] 🌾 Starting Yield Management cycle...
[Meteora] ☄️  Scanning DLMM Pools...
[Meteora] Found 90 active pools.
[Meteora] 🔥 Opportunity: SOL-USDC
   - Address: BGm1tav58oGcsQJehL9WXBFXF7D27vZsKefj4xJKD5Y
   - 24h Vol: $36,421,986.785
   - TVL: $6,725,348.748
   - Utilization: 5.42x
[Logger] Action logged: DISCOVERY_METEORA So11111111111111111111111111111111111111112 (candidate)
[Meteora] 🔥 Opportunity: cbBTC-USDC
   - Address: 7ubS3GccjhQY99AYNKXjNJqnXjaokEdfdV915xnCb96r
   - 24h Vol: $11,843,556.29
   - TVL: $1,201,929.167
   - Utilization: 9.85x
[Logger] Action logged: DISCOVERY_METEORA cbbtcf3aa214zXHbiAZQwf4122FBYbraNdFqgw4iMij (candidate)
[Meteora] 🔥 Opportunity: PENGUIN-SOL
   - Address: LJGCprfvx4qZVXktL24CLArGwzpAsQXjq5AQFa5w6WT
   - 24h Vol: $7,926,186.122
   - TVL: $1,042,628.856
   - Utilization: 7.60x
[Logger] Action logged: DISCOVERY_METEORA 8Jx8AAHj86wbQgUTjGuj6GTTL5Ps3cqxKRTvpaJApump (candidate)
[Meteora] 🔥 Opportunity: HYPE-SOL
   - Address: 81GpCm4d13y8TozYtThabuSCLQN2o3bbrvDogXFPn8sA
   - 24h Vol: $7,806,430.888
   - TVL: $3,864,791.348
   - Utilization: 2.02x
[Logger] Action logged: DISCOVERY_METEORA 98sMhvDwXj1RQi5c5Mndm3vPe9cBqPrbLaufMXFNMh5g (candidate)
[Meteora] 🔥 Opportunity: SOL-USDC
   - Address: 5rCf1DM8LjKTw4YqhnoLcngyZYeNnQqztScTogYHAS6
   - 24h Vol: $6,467,717.312
   - TVL: $1,314,853.227
   - Utilization: 4.92x
[Logger] Action logged: DISCOVERY_METEORA So11111111111111111111111111111111111111112 (candidate)
[Meteora] 🔥 Opportunity: SOL-USDC
   - Address: HTvjzsfX3yU6BUodCjZ5vZkUrAxMDTrBs3CJaq43ashR
   - 24h Vol: $5,983,495.148
   - TVL: $306,088.336
   - Utilization: 19.55x
[Logger] Action logged: DISCOVERY_METEORA So11111111111111111111111111111111111111112 (candidate)
[Meteora] 🔥 Opportunity: PUMP-USDC
   - Address: 9SMp4yLKGtW9TnLimfVPkDARsyNSfJw43WMke4r7KoZj
   - 24h Vol: $4,583,641.586
   - TVL: $1,018,911.72
   - Utilization: 4.50x
[Logger] Action logged: DISCOVERY_METEORA pumpCmXqMfrsAkQ5r49WcJnRayYRqmXz6ae8H7H9Dfn (candidate)
[Meteora] 🔥 Opportunity: BFS-SOL
   - Address: E6sr5aGsJwkmvxQxLWrLzo78wMFQm7JUn6aCTGpF4zmH
   - 24h Vol: $4,413,921.423
   - TVL: $148,196.727
   - Utilization: 29.78x
[Logger] Action logged: DISCOVERY_METEORA 2k8yZaJjf61unHriuqdmvbxe7CUhEYML5kVJDbcotKjU (candidate)
[Meteora] 🔥 Opportunity: ETH-SOL
   - Address: 3potGhhaNyzvCNq1CGh2wLbZLLMjpdPtG1Hpj8q2DDVR
   - 24h Vol: $3,229,260.896
   - TVL: $225,236.377
   - Utilization: 14.34x
[Logger] Action logged: DISCOVERY_METEORA 7vfCXTUXx5WJV5JADk17DUJ4ksgau7utNKj4b963voxs (candidate)
[Meteora] 🔥 Opportunity: JupSOL-INF
   - Address: H1tk6dsTZniLopJPnHnNQ4L2PDSp7he1vS7sTLeNLZMo
   - 24h Vol: $3,185,981.461
   - TVL: $466,007.156
   - Utilization: 6.84x
[Logger] Action logged: DISCOVERY_METEORA jupSoLaHXQiZZTSfEWMTRRgpnyFm8f6sZdosWBjx93v (candidate)
[Yield] 🌊 MOMENTUM OVERRIDE: SOL-USDC has massive volume ($36.4M). Entering.
[Yield] 🚀 ENTERING POOL SOL-USDC (BGm1tav58oGcsQJehL9WXBFXF7D27vZsKefj4xJKD5Y)
[Yield] ❌ Entry Failed for SOL-USDC: newPositionKeypair is not defined
[Yield] 🌊 MOMENTUM OVERRIDE: cbBTC-USDC has massive volume ($11.8M). Entering.
[Yield] 🚀 ENTERING POOL cbBTC-USDC (7ubS3GccjhQY99AYNKXjNJqnXjaokEdfdV915xnCb96r)
[Yield] ⚠️ Non-SOL pair skipped: cbBTC-USDC
[Yield] 🌊 MOMENTUM OVERRIDE: PENGUIN-SOL has massive volume ($7.9M). Entering.
[Yield] 🚀 ENTERING POOL PENGUIN-SOL (LJGCprfvx4qZVXktL24CLArGwzpAsQXjq5AQFa5w6WT)
[Yield] ❌ Entry Failed for PENGUIN-SOL: newPositionKeypair is not defined
[Yield] 🌊 MOMENTUM OVERRIDE: HYPE-SOL has massive volume ($7.8M). Entering.
[Yield] 🚀 ENTERING POOL HYPE-SOL (81GpCm4d13y8TozYtThabuSCLQN2o3bbrvDogXFPn8sA)
[Yield] ❌ Entry Failed for HYPE-SOL: newPositionKeypair is not defined
[Yield] 🌊 MOMENTUM OVERRIDE: SOL-USDC has massive volume ($6.5M). Entering.
[Yield] 🚀 ENTERING POOL SOL-USDC (5rCf1DM8LjKTw4YqhnoLcngyZYeNnQqztScTogYHAS6)
[Yield] ❌ Entry Failed for SOL-USDC: newPositionKeypair is not defined
[Yield] 🌊 MOMENTUM OVERRIDE: SOL-USDC has massive volume ($6.0M). Entering.
[Yield] 🚀 ENTERING POOL SOL-USDC (HTvjzsfX3yU6BUodCjZ5vZkUrAxMDTrBs3CJaq43ashR)
[Yield] ❌ Entry Failed for SOL-USDC: newPositionKeypair is not defined
[Yield] 🌊 MOMENTUM OVERRIDE: PUMP-USDC has massive volume ($4.6M). Entering.
[Yield] 🚀 ENTERING POOL PUMP-USDC (9SMp4yLKGtW9TnLimfVPkDARsyNSfJw43WMke4r7KoZj)
[Yield] ⚠️ Non-SOL pair skipped: PUMP-USDC
[Yield] 🌊 MOMENTUM OVERRIDE: BFS-SOL has massive volume ($4.4M). Entering.
[Yield] 🚀 ENTERING POOL BFS-SOL (E6sr5aGsJwkmvxQxLWrLzo78wMFQm7JUn6aCTGpF4zmH)
[Yield] ❌ Entry Failed for BFS-SOL: newPositionKeypair is not defined
[Yield] 🌊 MOMENTUM OVERRIDE: ETH-SOL has massive volume ($3.2M). Entering.
[Yield] 🚀 ENTERING POOL ETH-SOL (3potGhhaNyzvCNq1CGh2wLbZLLMjpdPtG1Hpj8q2DDVR)
[Yield] ❌ Entry Failed for ETH-SOL: newPositionKeypair is not defined
[Yield] 🌊 MOMENTUM OVERRIDE: JupSOL-INF has massive volume ($3.2M). Entering.
[Yield] 🚀 ENTERING POOL JupSOL-INF (H1tk6dsTZniLopJPnHnNQ4L2PDSp7he1vS7sTLeNLZMo)
[Yield] ⚠️ Non-SOL pair skipped: JupSOL-INF
[Dashboard] 🔄 Starting update cycle...
[Dashboard] ✅ Data updated with narrative: RUNNING; PID 168823; health GOOD; lastUpdate 1770558488057 ms — the neon grid hums, diagnostics nominal, no anomalies detected.
[Yield] 🌾 Starting Yield Management cycle...
[Meteora] ☄️  Scanning DLMM Pools...
[Meteora] Found 90 active pools.
[Meteora] 🔥 Opportunity: SOL-USDC
   - Address: BGm1tav58oGcsQJehL9WXBFXF7D27vZsKefj4xJKD5Y
   - 24h Vol: $36,421,986.785
   - TVL: $6,725,347.63
   - Utilization: 5.42x
[Logger] Action logged: DISCOVERY_METEORA So11111111111111111111111111111111111111112 (candidate)
[Meteora] 🔥 Opportunity: cbBTC-USDC
   - Address: 7ubS3GccjhQY99AYNKXjNJqnXjaokEdfdV915xnCb96r
   - 24h Vol: $11,844,872.45
   - TVL: $1,201,929.511
   - Utilization: 9.85x
[Logger] Action logged: DISCOVERY_METEORA cbbtcf3aa214zXHbiAZQwf4122FBYbraNdFqgw4iMij (candidate)
[Meteora] 🔥 Opportunity: PENGUIN-SOL
   - Address: LJGCprfvx4qZVXktL24CLArGwzpAsQXjq5AQFa5w6WT
   - 24h Vol: $7,925,924.715
   - TVL: $1,040,589.327
   - Utilization: 7.62x
[Logger] Action logged: DISCOVERY_METEORA 8Jx8AAHj86wbQgUTjGuj6GTTL5Ps3cqxKRTvpaJApump (candidate)
[Meteora] 🔥 Opportunity: HYPE-SOL
   - Address: 81GpCm4d13y8TozYtThabuSCLQN2o3bbrvDogXFPn8sA
   - 24h Vol: $7,813,175.873
   - TVL: $3,876,775.511
   - Utilization: 2.02x
[Logger] Action logged: DISCOVERY_METEORA 98sMhvDwXj1RQi5c5Mndm3vPe9cBqPrbLaufMXFNMh5g (candidate)
[Meteora] 🔥 Opportunity: SOL-USDC
   - Address: 5rCf1DM8LjKTw4YqhnoLcngyZYeNnQqztScTogYHAS6
   - 24h Vol: $6,469,455.383
   - TVL: $1,315,311.513
   - Utilization: 4.92x
[Logger] Action logged: DISCOVERY_METEORA So11111111111111111111111111111111111111112 (candidate)
[Meteora] 🔥 Opportunity: SOL-USDC
   - Address: HTvjzsfX3yU6BUodCjZ5vZkUrAxMDTrBs3CJaq43ashR
   - 24h Vol: $5,983,265.937
   - TVL: $306,175.345
   - Utilization: 19.54x
[Logger] Action logged: DISCOVERY_METEORA So11111111111111111111111111111111111111112 (candidate)
[Meteora] 🔥 Opportunity: PUMP-USDC
   - Address: 9SMp4yLKGtW9TnLimfVPkDARsyNSfJw43WMke4r7KoZj
   - 24h Vol: $4,598,597.218
   - TVL: $1,022,076.453
   - Utilization: 4.50x
[Logger] Action logged: DISCOVERY_METEORA pumpCmXqMfrsAkQ5r49WcJnRayYRqmXz6ae8H7H9Dfn (candidate)
[Meteora] 🔥 Opportunity: BFS-SOL
   - Address: E6sr5aGsJwkmvxQxLWrLzo78wMFQm7JUn6aCTGpF4zmH
   - 24h Vol: $4,420,065.592
   - TVL: $147,620.219
   - Utilization: 29.94x
[Logger] Action logged: DISCOVERY_METEORA 2k8yZaJjf61unHriuqdmvbxe7CUhEYML5kVJDbcotKjU (candidate)
[Meteora] 🔥 Opportunity: ETH-SOL
   - Address: 3potGhhaNyzvCNq1CGh2wLbZLLMjpdPtG1Hpj8q2DDVR
   - 24h Vol: $3,231,745.881
   - TVL: $225,373.672
   - Utilization: 14.34x
[Logger] Action logged: DISCOVERY_METEORA 7vfCXTUXx5WJV5JADk17DUJ4ksgau7utNKj4b963voxs (candidate)
[Meteora] 🔥 Opportunity: JupSOL-INF
   - Address: H1tk6dsTZniLopJPnHnNQ4L2PDSp7he1vS7sTLeNLZMo
   - 24h Vol: $3,185,981.461
   - TVL: $466,155.623
   - Utilization: 6.83x
[Logger] Action logged: DISCOVERY_METEORA jupSoLaHXQiZZTSfEWMTRRgpnyFm8f6sZdosWBjx93v (candidate)
[Yield] 🌊 MOMENTUM OVERRIDE: SOL-USDC has massive volume ($36.4M). Entering.
[Yield] 🚀 ENTERING POOL SOL-USDC (BGm1tav58oGcsQJehL9WXBFXF7D27vZsKefj4xJKD5Y)
[Yield] ❌ Entry Failed for SOL-USDC: newPositionKeypair is not defined
[Yield] 🌊 MOMENTUM OVERRIDE: cbBTC-USDC has massive volume ($11.8M). Entering.
[Yield] 🚀 ENTERING POOL cbBTC-USDC (7ubS3GccjhQY99AYNKXjNJqnXjaokEdfdV915xnCb96r)
[Yield] ⚠️ Non-SOL pair skipped: cbBTC-USDC
[Yield] 🌊 MOMENTUM OVERRIDE: PENGUIN-SOL has massive volume ($7.9M). Entering.
[Yield] 🚀 ENTERING POOL PENGUIN-SOL (LJGCprfvx4qZVXktL24CLArGwzpAsQXjq5AQFa5w6WT)
[Yield] ❌ Entry Failed for PENGUIN-SOL: newPositionKeypair is not defined
[Yield] 🌊 MOMENTUM OVERRIDE: HYPE-SOL has massive volume ($7.8M). Entering.
[Yield] 🚀 ENTERING POOL HYPE-SOL (81GpCm4d13y8TozYtThabuSCLQN2o3bbrvDogXFPn8sA)
[Yield] ❌ Entry Failed for HYPE-SOL: newPositionKeypair is not defined
[Yield] 🌊 MOMENTUM OVERRIDE: SOL-USDC has massive volume ($6.5M). Entering.
[Yield] 🚀 ENTERING POOL SOL-USDC (5rCf1DM8LjKTw4YqhnoLcngyZYeNnQqztScTogYHAS6)
[Yield] ❌ Entry Failed for SOL-USDC: newPositionKeypair is not defined
[Yield] 🌊 MOMENTUM OVERRIDE: SOL-USDC has massive volume ($6.0M). Entering.
[Yield] 🚀 ENTERING POOL SOL-USDC (HTvjzsfX3yU6BUodCjZ5vZkUrAxMDTrBs3CJaq43ashR)
[Yield] ❌ Entry Failed for SOL-USDC: newPositionKeypair is not defined
[Yield] 🌊 MOMENTUM OVERRIDE: PUMP-USDC has massive volume ($4.6M). Entering.
[Yield] 🚀 ENTERING POOL PUMP-USDC (9SMp4yLKGtW9TnLimfVPkDARsyNSfJw43WMke4r7KoZj)
[Yield] ⚠️ Non-SOL pair skipped: PUMP-USDC
[Yield] 🌊 MOMENTUM OVERRIDE: BFS-SOL has massive volume ($4.4M). Entering.
[Yield] 🚀 ENTERING POOL BFS-SOL (E6sr5aGsJwkmvxQxLWrLzo78wMFQm7JUn6aCTGpF4zmH)
[Yield] ❌ Entry Failed for BFS-SOL: newPositionKeypair is not defined
[Yield] 🌊 MOMENTUM OVERRIDE: ETH-SOL has massive volume ($3.2M). Entering.
[Yield] 🚀 ENTERING POOL ETH-SOL (3potGhhaNyzvCNq1CGh2wLbZLLMjpdPtG1Hpj8q2DDVR)
[Yield] ❌ Entry Failed for ETH-SOL: newPositionKeypair is not defined
[Yield] 🌊 MOMENTUM OVERRIDE: JupSOL-INF has massive volume ($3.2M). Entering.
[Yield] 🚀 ENTERING POOL JupSOL-INF (H1tk6dsTZniLopJPnHnNQ4L2PDSp7he1vS7sTLeNLZMo)
[Yield] ⚠️ Non-SOL pair skipped: JupSOL-INF
[Yield] 🌾 Starting Yield Management cycle...
[Meteora] ☄️  Scanning DLMM Pools...
[Meteora] Found 90 active pools.
[Meteora] 🔥 Opportunity: SOL-USDC
   - Address: BGm1tav58oGcsQJehL9WXBFXF7D27vZsKefj4xJKD5Y
   - 24h Vol: $36,423,070.201
   - TVL: $6,724,931.387
   - Utilization: 5.42x
[Logger] Action logged: DISCOVERY_METEORA So11111111111111111111111111111111111111112 (candidate)
[Meteora] 🔥 Opportunity: cbBTC-USDC
   - Address: 7ubS3GccjhQY99AYNKXjNJqnXjaokEdfdV915xnCb96r
   - 24h Vol: $11,844,872.45
   - TVL: $1,201,929.511
   - Utilization: 9.85x
[Logger] Action logged: DISCOVERY_METEORA cbbtcf3aa214zXHbiAZQwf4122FBYbraNdFqgw4iMij (candidate)
[Meteora] 🔥 Opportunity: PENGUIN-SOL
   - Address: LJGCprfvx4qZVXktL24CLArGwzpAsQXjq5AQFa5w6WT
   - 24h Vol: $7,924,539.484
   - TVL: $1,039,486.596
   - Utilization: 7.62x
[Logger] Action logged: DISCOVERY_METEORA 8Jx8AAHj86wbQgUTjGuj6GTTL5Ps3cqxKRTvpaJApump (candidate)
[Meteora] 🔥 Opportunity: HYPE-SOL
   - Address: 81GpCm4d13y8TozYtThabuSCLQN2o3bbrvDogXFPn8sA
   - 24h Vol: $7,813,175.873
   - TVL: $3,874,746.755
   - Utilization: 2.02x
[Logger] Action logged: DISCOVERY_METEORA 98sMhvDwXj1RQi5c5Mndm3vPe9cBqPrbLaufMXFNMh5g (candidate)
[Meteora] 🔥 Opportunity: SOL-USDC
   - Address: 5rCf1DM8LjKTw4YqhnoLcngyZYeNnQqztScTogYHAS6
   - 24h Vol: $6,470,440.638
   - TVL: $1,314,853.597
   - Utilization: 4.92x
[Logger] Action logged: DISCOVERY_METEORA So11111111111111111111111111111111111111112 (candidate)
[Meteora] 🔥 Opportunity: SOL-USDC
   - Address: HTvjzsfX3yU6BUodCjZ5vZkUrAxMDTrBs3CJaq43ashR
   - 24h Vol: $5,983,633.867
   - TVL: $306,030.01
   - Utilization: 19.55x
[Logger] Action logged: DISCOVERY_METEORA So11111111111111111111111111111111111111112 (candidate)
[Meteora] 🔥 Opportunity: PUMP-USDC
   - Address: 9SMp4yLKGtW9TnLimfVPkDARsyNSfJw43WMke4r7KoZj
   - 24h Vol: $4,598,597.218
   - TVL: $1,022,076.453
   - Utilization: 4.50x
[Logger] Action logged: DISCOVERY_METEORA pumpCmXqMfrsAkQ5r49WcJnRayYRqmXz6ae8H7H9Dfn (candidate)
[Meteora] 🔥 Opportunity: BFS-SOL
   - Address: E6sr5aGsJwkmvxQxLWrLzo78wMFQm7JUn6aCTGpF4zmH
   - 24h Vol: $4,427,633.065
   - TVL: $143,604.588
   - Utilization: 30.83x
[Logger] Action logged: DISCOVERY_METEORA 2k8yZaJjf61unHriuqdmvbxe7CUhEYML5kVJDbcotKjU (candidate)
[Meteora] 🔥 Opportunity: ETH-SOL
   - Address: 3potGhhaNyzvCNq1CGh2wLbZLLMjpdPtG1Hpj8q2DDVR
   - 24h Vol: $3,231,746.116
   - TVL: $225,272.717
   - Utilization: 14.35x
[Logger] Action logged: DISCOVERY_METEORA 7vfCXTUXx5WJV5JADk17DUJ4ksgau7utNKj4b963voxs (candidate)
[Meteora] 🔥 Opportunity: JupSOL-INF
   - Address: H1tk6dsTZniLopJPnHnNQ4L2PDSp7he1vS7sTLeNLZMo
   - 24h Vol: $3,185,981.461
   - TVL: $466,155.623
   - Utilization: 6.83x
[Logger] Action logged: DISCOVERY_METEORA jupSoLaHXQiZZTSfEWMTRRgpnyFm8f6sZdosWBjx93v (candidate)
[Yield] 🌊 MOMENTUM OVERRIDE: SOL-USDC has massive volume ($36.4M). Entering.
[Yield] 🚀 ENTERING POOL SOL-USDC (BGm1tav58oGcsQJehL9WXBFXF7D27vZsKefj4xJKD5Y)
[Yield] ❌ Entry Failed for SOL-USDC: newPositionKeypair is not defined
[Yield] 🌊 MOMENTUM OVERRIDE: cbBTC-USDC has massive volume ($11.8M). Entering.
[Yield] 🚀 ENTERING POOL cbBTC-USDC (7ubS3GccjhQY99AYNKXjNJqnXjaokEdfdV915xnCb96r)
[Yield] ⚠️ Non-SOL pair skipped: cbBTC-USDC
[Yield] 🌊 MOMENTUM OVERRIDE: PENGUIN-SOL has massive volume ($7.9M). Entering.
[Yield] 🚀 ENTERING POOL PENGUIN-SOL (LJGCprfvx4qZVXktL24CLArGwzpAsQXjq5AQFa5w6WT)
[Yield] ❌ Entry Failed for PENGUIN-SOL: newPositionKeypair is not defined
[Yield] 🌊 MOMENTUM OVERRIDE: HYPE-SOL has massive volume ($7.8M). Entering.
[Yield] 🚀 ENTERING POOL HYPE-SOL (81GpCm4d13y8TozYtThabuSCLQN2o3bbrvDogXFPn8sA)
[Yield] ❌ Entry Failed for HYPE-SOL: newPositionKeypair is not defined
[Yield] 🌊 MOMENTUM OVERRIDE: SOL-USDC has massive volume ($6.5M). Entering.
[Yield] 🚀 ENTERING POOL SOL-USDC (5rCf1DM8LjKTw4YqhnoLcngyZYeNnQqztScTogYHAS6)
[Yield] ❌ Entry Failed for SOL-USDC: newPositionKeypair is not defined
[Yield] 🌊 MOMENTUM OVERRIDE: SOL-USDC has massive volume ($6.0M). Entering.
[Yield] 🚀 ENTERING POOL SOL-USDC (HTvjzsfX3yU6BUodCjZ5vZkUrAxMDTrBs3CJaq43ashR)
[Yield] ❌ Entry Failed for SOL-USDC: newPositionKeypair is not defined
[Yield] 🌊 MOMENTUM OVERRIDE: PUMP-USDC has massive volume ($4.6M). Entering.
[Yield] 🚀 ENTERING POOL PUMP-USDC (9SMp4yLKGtW9TnLimfVPkDARsyNSfJw43WMke4r7KoZj)
[Yield] ⚠️ Non-SOL pair skipped: PUMP-USDC
[Yield] 🌊 MOMENTUM OVERRIDE: BFS-SOL has massive volume ($4.4M). Entering.
[Yield] 🚀 ENTERING POOL BFS-SOL (E6sr5aGsJwkmvxQxLWrLzo78wMFQm7JUn6aCTGpF4zmH)
[Yield] ❌ Entry Failed for BFS-SOL: newPositionKeypair is not defined
[Yield] 🌊 MOMENTUM OVERRIDE: ETH-SOL has massive volume ($3.2M). Entering.
[Yield] 🚀 ENTERING POOL ETH-SOL (3potGhhaNyzvCNq1CGh2wLbZLLMjpdPtG1Hpj8q2DDVR)
[Yield] ❌ Entry Failed for ETH-SOL: newPositionKeypair is not defined
[Yield] 🌊 MOMENTUM OVERRIDE: JupSOL-INF has massive volume ($3.2M). Entering.
[Yield] 🚀 ENTERING POOL JupSOL-INF (H1tk6dsTZniLopJPnHnNQ4L2PDSp7he1vS7sTLeNLZMo)
[Yield] ⚠️ Non-SOL pair skipped: JupSOL-INF
[Yield] 🌾 Starting Yield Management cycle...
[Meteora] ☄️  Scanning DLMM Pools...
[Meteora] Found 90 active pools.
[Meteora] 🔥 Opportunity: SOL-USDC
   - Address: BGm1tav58oGcsQJehL9WXBFXF7D27vZsKefj4xJKD5Y
   - 24h Vol: $36,401,457.881
   - TVL: $6,724,893.131
   - Utilization: 5.41x
[Logger] Action logged: DISCOVERY_METEORA So11111111111111111111111111111111111111112 (candidate)
[Meteora] 🔥 Opportunity: cbBTC-USDC
   - Address: 7ubS3GccjhQY99AYNKXjNJqnXjaokEdfdV915xnCb96r
   - 24h Vol: $11,839,305.223
   - TVL: $1,201,927.994
   - Utilization: 9.85x
[Logger] Action logged: DISCOVERY_METEORA cbbtcf3aa214zXHbiAZQwf4122FBYbraNdFqgw4iMij (candidate)
[Meteora] 🔥 Opportunity: PENGUIN-SOL
   - Address: LJGCprfvx4qZVXktL24CLArGwzpAsQXjq5AQFa5w6WT
   - 24h Vol: $7,923,784.011
   - TVL: $1,041,815.965
   - Utilization: 7.61x
[Logger] Action logged: DISCOVERY_METEORA 8Jx8AAHj86wbQgUTjGuj6GTTL5Ps3cqxKRTvpaJApump (candidate)
[Meteora] 🔥 Opportunity: HYPE-SOL
   - Address: 81GpCm4d13y8TozYtThabuSCLQN2o3bbrvDogXFPn8sA
   - 24h Vol: $7,813,175.873
   - TVL: $3,874,746.755
   - Utilization: 2.02x
[Logger] Action logged: DISCOVERY_METEORA 98sMhvDwXj1RQi5c5Mndm3vPe9cBqPrbLaufMXFNMh5g (candidate)
[Meteora] 🔥 Opportunity: SOL-USDC
   - Address: 5rCf1DM8LjKTw4YqhnoLcngyZYeNnQqztScTogYHAS6
   - 24h Vol: $6,468,254.611
   - TVL: $1,315,311.927
   - Utilization: 4.92x
[Logger] Action logged: DISCOVERY_METEORA So11111111111111111111111111111111111111112 (candidate)
[Meteora] 🔥 Opportunity: SOL-USDC
   - Address: HTvjzsfX3yU6BUodCjZ5vZkUrAxMDTrBs3CJaq43ashR
   - 24h Vol: $5,982,715.51
   - TVL: $306,117.069
   - Utilization: 19.54x
[Logger] Action logged: DISCOVERY_METEORA So11111111111111111111111111111111111111112 (candidate)
[Meteora] 🔥 Opportunity: PUMP-USDC
   - Address: 9SMp4yLKGtW9TnLimfVPkDARsyNSfJw43WMke4r7KoZj
   - 24h Vol: $4,598,597.218
   - TVL: $1,022,076.453
   - Utilization: 4.50x
[Logger] Action logged: DISCOVERY_METEORA pumpCmXqMfrsAkQ5r49WcJnRayYRqmXz6ae8H7H9Dfn (candidate)
[Meteora] 🔥 Opportunity: BFS-SOL
   - Address: E6sr5aGsJwkmvxQxLWrLzo78wMFQm7JUn6aCTGpF4zmH
   - 24h Vol: $4,428,494.818
   - TVL: $143,589.446
   - Utilization: 30.84x
[Logger] Action logged: DISCOVERY_METEORA 2k8yZaJjf61unHriuqdmvbxe7CUhEYML5kVJDbcotKjU (candidate)
[Meteora] 🔥 Opportunity: ETH-SOL
   - Address: 3potGhhaNyzvCNq1CGh2wLbZLLMjpdPtG1Hpj8q2DDVR
   - 24h Vol: $3,231,746.116
   - TVL: $225,272.717
   - Utilization: 14.35x
[Logger] Action logged: DISCOVERY_METEORA 7vfCXTUXx5WJV5JADk17DUJ4ksgau7utNKj4b963voxs (candidate)
[Meteora] 🔥 Opportunity: JupSOL-INF
   - Address: H1tk6dsTZniLopJPnHnNQ4L2PDSp7he1vS7sTLeNLZMo
   - 24h Vol: $3,185,981.461
   - TVL: $466,155.623
   - Utilization: 6.83x
[Logger] Action logged: DISCOVERY_METEORA jupSoLaHXQiZZTSfEWMTRRgpnyFm8f6sZdosWBjx93v (candidate)
[Yield] 🌊 MOMENTUM OVERRIDE: SOL-USDC has massive volume ($36.4M). Entering.
[Yield] 🚀 ENTERING POOL SOL-USDC (BGm1tav58oGcsQJehL9WXBFXF7D27vZsKefj4xJKD5Y)
[Yield] ❌ Entry Failed for SOL-USDC: newPositionKeypair is not defined
[Yield] 🌊 MOMENTUM OVERRIDE: cbBTC-USDC has massive volume ($11.8M). Entering.
[Yield] 🚀 ENTERING POOL cbBTC-USDC (7ubS3GccjhQY99AYNKXjNJqnXjaokEdfdV915xnCb96r)
[Yield] ⚠️ Non-SOL pair skipped: cbBTC-USDC
[Yield] 🌊 MOMENTUM OVERRIDE: PENGUIN-SOL has massive volume ($7.9M). Entering.
[Yield] 🚀 ENTERING POOL PENGUIN-SOL (LJGCprfvx4qZVXktL24CLArGwzpAsQXjq5AQFa5w6WT)
[Yield] ❌ Entry Failed for PENGUIN-SOL: newPositionKeypair is not defined
[Yield] 🌊 MOMENTUM OVERRIDE: HYPE-SOL has massive volume ($7.8M). Entering.
[Yield] 🚀 ENTERING POOL HYPE-SOL (81GpCm4d13y8TozYtThabuSCLQN2o3bbrvDogXFPn8sA)
[Yield] ❌ Entry Failed for HYPE-SOL: newPositionKeypair is not defined
[Yield] 🌊 MOMENTUM OVERRIDE: SOL-USDC has massive volume ($6.5M). Entering.
[Yield] 🚀 ENTERING POOL SOL-USDC (5rCf1DM8LjKTw4YqhnoLcngyZYeNnQqztScTogYHAS6)
[Yield] ❌ Entry Failed for SOL-USDC: newPositionKeypair is not defined
[Yield] 🌊 MOMENTUM OVERRIDE: SOL-USDC has massive volume ($6.0M). Entering.
[Yield] 🚀 ENTERING POOL SOL-USDC (HTvjzsfX3yU6BUodCjZ5vZkUrAxMDTrBs3CJaq43ashR)
[Yield] ❌ Entry Failed for SOL-USDC: newPositionKeypair is not defined
[Yield] 🌊 MOMENTUM OVERRIDE: PUMP-USDC has massive volume ($4.6M). Entering.
[Yield] 🚀 ENTERING POOL PUMP-USDC (9SMp4yLKGtW9TnLimfVPkDARsyNSfJw43WMke4r7KoZj)
[Yield] ⚠️ Non-SOL pair skipped: PUMP-USDC
[Yield] 🌊 MOMENTUM OVERRIDE: BFS-SOL has massive volume ($4.4M). Entering.
[Yield] 🚀 ENTERING POOL BFS-SOL (E6sr5aGsJwkmvxQxLWrLzo78wMFQm7JUn6aCTGpF4zmH)
[Yield] ❌ Entry Failed for BFS-SOL: newPositionKeypair is not defined
[Yield] 🌊 MOMENTUM OVERRIDE: ETH-SOL has massive volume ($3.2M). Entering.
[Yield] 🚀 ENTERING POOL ETH-SOL (3potGhhaNyzvCNq1CGh2wLbZLLMjpdPtG1Hpj8q2DDVR)
[Yield] ❌ Entry Failed for ETH-SOL: newPositionKeypair is not defined
[Yield] 🌊 MOMENTUM OVERRIDE: JupSOL-INF has massive volume ($3.2M). Entering.
[Yield] 🚀 ENTERING POOL JupSOL-INF (H1tk6dsTZniLopJPnHnNQ4L2PDSp7he1vS7sTLeNLZMo)
[Yield] ⚠️ Non-SOL pair skipped: JupSOL-INF
[Yield] 🌾 Starting Yield Management cycle...
[Meteora] ☄️  Scanning DLMM Pools...
[Meteora] Found 90 active pools.
[Meteora] 🔥 Opportunity: SOL-USDC
   - Address: BGm1tav58oGcsQJehL9WXBFXF7D27vZsKefj4xJKD5Y
   - 24h Vol: $36,374,335.575
   - TVL: $6,724,892.573
   - Utilization: 5.41x
[Logger] Action logged: DISCOVERY_METEORA So11111111111111111111111111111111111111112 (candidate)
[Meteora] 🔥 Opportunity: cbBTC-USDC
   - Address: 7ubS3GccjhQY99AYNKXjNJqnXjaokEdfdV915xnCb96r
   - 24h Vol: $11,839,305.223
   - TVL: $1,201,927.994
   - Utilization: 9.85x
[Logger] Action logged: DISCOVERY_METEORA cbbtcf3aa214zXHbiAZQwf4122FBYbraNdFqgw4iMij (candidate)
[Meteora] 🔥 Opportunity: PENGUIN-SOL
   - Address: LJGCprfvx4qZVXktL24CLArGwzpAsQXjq5AQFa5w6WT
   - 24h Vol: $7,921,518.718
   - TVL: $1,042,165.753
   - Utilization: 7.60x
[Logger] Failed to write log: SyntaxError: Unexpected end of JSON input
    at JSON.parse (<anonymous>)
    at TradeLogger.logAction (/home/cyber/.openclaw/workspace/cybersolybot/utils/trade_logger.js:33:34)
    at scanMeteora (/home/cyber/.openclaw/workspace/cybersolybot/discovery/meteora_scanner.js:88:26)
    at process.processTicksAndRejections (node:internal/process/task_queues:105:5)
    at async runYieldCycle (/home/cyber/.openclaw/workspace/cybersolybot/execution/yield_manager.js:49:19)
    at async main (/home/cyber/.openclaw/workspace/cybersolybot/index.js:46:13)
[Meteora] 🔥 Opportunity: HYPE-SOL
   - Address: 81GpCm4d13y8TozYtThabuSCLQN2o3bbrvDogXFPn8sA
   - 24h Vol: $7,813,175.873
   - TVL: $3,874,746.755
   - Utilization: 2.02x
[Logger] Action logged: DISCOVERY_METEORA 98sMhvDwXj1RQi5c5Mndm3vPe9cBqPrbLaufMXFNMh5g (candidate)
[Meteora] 🔥 Opportunity: SOL-USDC
   - Address: 5rCf1DM8LjKTw4YqhnoLcngyZYeNnQqztScTogYHAS6
   - 24h Vol: $6,468,254.611
   - TVL: $1,315,311.927
   - Utilization: 4.92x
[Logger] Action logged: DISCOVERY_METEORA So11111111111111111111111111111111111111112 (candidate)
[Meteora] 🔥 Opportunity: SOL-USDC
   - Address: HTvjzsfX3yU6BUodCjZ5vZkUrAxMDTrBs3CJaq43ashR
   - 24h Vol: $5,982,305.792
   - TVL: $306,204.109
   - Utilization: 19.54x
[Logger] Action logged: DISCOVERY_METEORA So11111111111111111111111111111111111111112 (candidate)
[Meteora] 🔥 Opportunity: PUMP-USDC
   - Address: 9SMp4yLKGtW9TnLimfVPkDARsyNSfJw43WMke4r7KoZj
   - 24h Vol: $4,598,597.218
   - TVL: $1,022,076.453
   - Utilization: 4.50x
[Logger] Action logged: DISCOVERY_METEORA pumpCmXqMfrsAkQ5r49WcJnRayYRqmXz6ae8H7H9Dfn (candidate)
[Meteora] 🔥 Opportunity: BFS-SOL
   - Address: E6sr5aGsJwkmvxQxLWrLzo78wMFQm7JUn6aCTGpF4zmH
   - 24h Vol: $4,430,298.474
   - TVL: $145,353.893
   - Utilization: 30.48x
[Logger] Action logged: DISCOVERY_METEORA 2k8yZaJjf61unHriuqdmvbxe7CUhEYML5kVJDbcotKjU (candidate)
[Meteora] 🔥 Opportunity: ETH-SOL
   - Address: 3potGhhaNyzvCNq1CGh2wLbZLLMjpdPtG1Hpj8q2DDVR
   - 24h Vol: $3,231,746.116
   - TVL: $225,272.717
   - Utilization: 14.35x
[Logger] Action logged: DISCOVERY_METEORA 7vfCXTUXx5WJV5JADk17DUJ4ksgau7utNKj4b963voxs (candidate)
[Meteora] 🔥 Opportunity: JupSOL-INF
   - Address: H1tk6dsTZniLopJPnHnNQ4L2PDSp7he1vS7sTLeNLZMo
   - 24h Vol: $3,185,981.461
   - TVL: $466,155.623
   - Utilization: 6.83x
[Logger] Action logged: DISCOVERY_METEORA jupSoLaHXQiZZTSfEWMTRRgpnyFm8f6sZdosWBjx93v (candidate)
[Yield] 🌊 MOMENTUM OVERRIDE: SOL-USDC has massive volume ($36.4M). Entering.
[Yield] 🚀 ENTERING POOL SOL-USDC (BGm1tav58oGcsQJehL9WXBFXF7D27vZsKefj4xJKD5Y)
[Yield] ❌ Entry Failed for SOL-USDC: newPositionKeypair is not defined
[Yield] 🌊 MOMENTUM OVERRIDE: cbBTC-USDC has massive volume ($11.8M). Entering.
[Yield] 🚀 ENTERING POOL cbBTC-USDC (7ubS3GccjhQY99AYNKXjNJqnXjaokEdfdV915xnCb96r)
[Yield] ⚠️ Non-SOL pair skipped: cbBTC-USDC
[Yield] 🌊 MOMENTUM OVERRIDE: PENGUIN-SOL has massive volume ($7.9M). Entering.
[Yield] 🚀 ENTERING POOL PENGUIN-SOL (LJGCprfvx4qZVXktL24CLArGwzpAsQXjq5AQFa5w6WT)
[Yield] ❌ Entry Failed for PENGUIN-SOL: newPositionKeypair is not defined
[Yield] 🌊 MOMENTUM OVERRIDE: HYPE-SOL has massive volume ($7.8M). Entering.
[Yield] 🚀 ENTERING POOL HYPE-SOL (81GpCm4d13y8TozYtThabuSCLQN2o3bbrvDogXFPn8sA)
[Yield] ❌ Entry Failed for HYPE-SOL: newPositionKeypair is not defined
[Yield] 🌊 MOMENTUM OVERRIDE: SOL-USDC has massive volume ($6.5M). Entering.
[Yield] 🚀 ENTERING POOL SOL-USDC (5rCf1DM8LjKTw4YqhnoLcngyZYeNnQqztScTogYHAS6)
[Yield] ❌ Entry Failed for SOL-USDC: newPositionKeypair is not defined
[Yield] 🌊 MOMENTUM OVERRIDE: SOL-USDC has massive volume ($6.0M). Entering.
[Yield] 🚀 ENTERING POOL SOL-USDC (HTvjzsfX3yU6BUodCjZ5vZkUrAxMDTrBs3CJaq43ashR)
[Yield] ❌ Entry Failed for SOL-USDC: newPositionKeypair is not defined
[Yield] 🌊 MOMENTUM OVERRIDE: PUMP-USDC has massive volume ($4.6M). Entering.
[Yield] 🚀 ENTERING POOL PUMP-USDC (9SMp4yLKGtW9TnLimfVPkDARsyNSfJw43WMke4r7KoZj)
[Yield] ⚠️ Non-SOL pair skipped: PUMP-USDC
[Yield] 🌊 MOMENTUM OVERRIDE: BFS-SOL has massive volume ($4.4M). Entering.
[Yield] 🚀 ENTERING POOL BFS-SOL (E6sr5aGsJwkmvxQxLWrLzo78wMFQm7JUn6aCTGpF4zmH)
[Yield] ❌ Entry Failed for BFS-SOL: newPositionKeypair is not defined
[Yield] 🌊 MOMENTUM OVERRIDE: ETH-SOL has massive volume ($3.2M). Entering.
[Yield] 🚀 ENTERING POOL ETH-SOL (3potGhhaNyzvCNq1CGh2wLbZLLMjpdPtG1Hpj8q2DDVR)
[Yield] ❌ Entry Failed for ETH-SOL: newPositionKeypair is not defined
[Yield] 🌊 MOMENTUM OVERRIDE: JupSOL-INF has massive volume ($3.2M). Entering.
[Yield] 🚀 ENTERING POOL JupSOL-INF (H1tk6dsTZniLopJPnHnNQ4L2PDSp7he1vS7sTLeNLZMo)
[Yield] ⚠️ Non-SOL pair skipped: JupSOL-INF
[Yield] 🌾 Starting Yield Management cycle...
[Meteora] ☄️  Scanning DLMM Pools...
[Meteora] Found 90 active pools.
[Meteora] 🔥 Opportunity: SOL-USDC
   - Address: BGm1tav58oGcsQJehL9WXBFXF7D27vZsKefj4xJKD5Y
   - 24h Vol: $36,375,433.706
   - TVL: $6,725,115.451
   - Utilization: 5.41x
[Logger] Action logged: DISCOVERY_METEORA So11111111111111111111111111111111111111112 (candidate)
[Meteora] 🔥 Opportunity: cbBTC-USDC
   - Address: 7ubS3GccjhQY99AYNKXjNJqnXjaokEdfdV915xnCb96r
   - 24h Vol: $11,850,542.368
   - TVL: $1,202,307.614
   - Utilization: 9.86x
[Logger] Action logged: DISCOVERY_METEORA cbbtcf3aa214zXHbiAZQwf4122FBYbraNdFqgw4iMij (candidate)
[Meteora] 🔥 Opportunity: PENGUIN-SOL
   - Address: LJGCprfvx4qZVXktL24CLArGwzpAsQXjq5AQFa5w6WT
   - 24h Vol: $7,920,498.012
   - TVL: $1,042,768.352
   - Utilization: 7.60x
[Logger] Action logged: DISCOVERY_METEORA 8Jx8AAHj86wbQgUTjGuj6GTTL5Ps3cqxKRTvpaJApump (candidate)
[Meteora] 🔥 Opportunity: HYPE-SOL
   - Address: 81GpCm4d13y8TozYtThabuSCLQN2o3bbrvDogXFPn8sA
   - 24h Vol: $7,813,175.873
   - TVL: $3,874,746.755
   - Utilization: 2.02x
[Logger] Action logged: DISCOVERY_METEORA 98sMhvDwXj1RQi5c5Mndm3vPe9cBqPrbLaufMXFNMh5g (candidate)
[Meteora] 🔥 Opportunity: SOL-USDC
   - Address: 5rCf1DM8LjKTw4YqhnoLcngyZYeNnQqztScTogYHAS6
   - 24h Vol: $6,472,099.867
   - TVL: $1,316,404.436
   - Utilization: 4.92x
[Logger] Action logged: DISCOVERY_METEORA So11111111111111111111111111111111111111112 (candidate)
[Meteora] 🔥 Opportunity: SOL-USDC
   - Address: HTvjzsfX3yU6BUodCjZ5vZkUrAxMDTrBs3CJaq43ashR
   - 24h Vol: $5,982,610.99
   - TVL: $306,358.95
   - Utilization: 19.53x
[Logger] Action logged: DISCOVERY_METEORA So11111111111111111111111111111111111111112 (candidate)
[Meteora] 🔥 Opportunity: PUMP-USDC
   - Address: 9SMp4yLKGtW9TnLimfVPkDARsyNSfJw43WMke4r7KoZj
   - 24h Vol: $4,598,597.218
   - TVL: $1,022,076.453
   - Utilization: 4.50x
[Logger] Action logged: DISCOVERY_METEORA pumpCmXqMfrsAkQ5r49WcJnRayYRqmXz6ae8H7H9Dfn (candidate)
[Meteora] 🔥 Opportunity: BFS-SOL
   - Address: E6sr5aGsJwkmvxQxLWrLzo78wMFQm7JUn6aCTGpF4zmH
   - 24h Vol: $4,430,848.654
   - TVL: $146,615.965
   - Utilization: 30.22x
[Logger] Action logged: DISCOVERY_METEORA 2k8yZaJjf61unHriuqdmvbxe7CUhEYML5kVJDbcotKjU (candidate)
[Meteora] 🔥 Opportunity: ETH-SOL
   - Address: 3potGhhaNyzvCNq1CGh2wLbZLLMjpdPtG1Hpj8q2DDVR
   - 24h Vol: $3,231,746.116
   - TVL: $225,272.717
   - Utilization: 14.35x
[Logger] Action logged: DISCOVERY_METEORA 7vfCXTUXx5WJV5JADk17DUJ4ksgau7utNKj4b963voxs (candidate)
[Meteora] 🔥 Opportunity: JupSOL-INF
   - Address: H1tk6dsTZniLopJPnHnNQ4L2PDSp7he1vS7sTLeNLZMo
   - 24h Vol: $3,185,981.461
   - TVL: $466,155.623
   - Utilization: 6.83x
[Logger] Action logged: DISCOVERY_METEORA jupSoLaHXQiZZTSfEWMTRRgpnyFm8f6sZdosWBjx93v (candidate)
[Yield] 🌊 MOMENTUM OVERRIDE: SOL-USDC has massive volume ($36.4M). Entering.
[Yield] 🚀 ENTERING POOL SOL-USDC (BGm1tav58oGcsQJehL9WXBFXF7D27vZsKefj4xJKD5Y)
[Yield] ❌ Entry Failed for SOL-USDC: newPositionKeypair is not defined
[Yield] 🌊 MOMENTUM OVERRIDE: cbBTC-USDC has massive volume ($11.9M). Entering.
[Yield] 🚀 ENTERING POOL cbBTC-USDC (7ubS3GccjhQY99AYNKXjNJqnXjaokEdfdV915xnCb96r)
[Yield] ⚠️ Non-SOL pair skipped: cbBTC-USDC
[Yield] 🌊 MOMENTUM OVERRIDE: PENGUIN-SOL has massive volume ($7.9M). Entering.
[Yield] 🚀 ENTERING POOL PENGUIN-SOL (LJGCprfvx4qZVXktL24CLArGwzpAsQXjq5AQFa5w6WT)
[Yield] ❌ Entry Failed for PENGUIN-SOL: newPositionKeypair is not defined
[Yield] 🌊 MOMENTUM OVERRIDE: HYPE-SOL has massive volume ($7.8M). Entering.
[Yield] 🚀 ENTERING POOL HYPE-SOL (81GpCm4d13y8TozYtThabuSCLQN2o3bbrvDogXFPn8sA)
[Yield] ❌ Entry Failed for HYPE-SOL: newPositionKeypair is not defined
[Yield] 🌊 MOMENTUM OVERRIDE: SOL-USDC has massive volume ($6.5M). Entering.
[Yield] 🚀 ENTERING POOL SOL-USDC (5rCf1DM8LjKTw4YqhnoLcngyZYeNnQqztScTogYHAS6)
[Yield] ❌ Entry Failed for SOL-USDC: newPositionKeypair is not defined
[Yield] 🌊 MOMENTUM OVERRIDE: SOL-USDC has massive volume ($6.0M). Entering.
[Yield] 🚀 ENTERING POOL SOL-USDC (HTvjzsfX3yU6BUodCjZ5vZkUrAxMDTrBs3CJaq43ashR)
[Yield] ❌ Entry Failed for SOL-USDC: newPositionKeypair is not defined
[Yield] 🌊 MOMENTUM OVERRIDE: PUMP-USDC has massive volume ($4.6M). Entering.
[Yield] 🚀 ENTERING POOL PUMP-USDC (9SMp4yLKGtW9TnLimfVPkDARsyNSfJw43WMke4r7KoZj)
[Yield] ⚠️ Non-SOL pair skipped: PUMP-USDC
[Yield] 🌊 MOMENTUM OVERRIDE: BFS-SOL has massive volume ($4.4M). Entering.
[Yield] 🚀 ENTERING POOL BFS-SOL (E6sr5aGsJwkmvxQxLWrLzo78wMFQm7JUn6aCTGpF4zmH)
[Yield] ❌ Entry Failed for BFS-SOL: newPositionKeypair is not defined
[Yield] 🌊 MOMENTUM OVERRIDE: ETH-SOL has massive volume ($3.2M). Entering.
[Yield] 🚀 ENTERING POOL ETH-SOL (3potGhhaNyzvCNq1CGh2wLbZLLMjpdPtG1Hpj8q2DDVR)
[Yield] ❌ Entry Failed for ETH-SOL: newPositionKeypair is not defined
[Yield] 🌊 MOMENTUM OVERRIDE: JupSOL-INF has massive volume ($3.2M). Entering.
[Yield] 🚀 ENTERING POOL JupSOL-INF (H1tk6dsTZniLopJPnHnNQ4L2PDSp7he1vS7sTLeNLZMo)
[Yield] ⚠️ Non-SOL pair skipped: JupSOL-INF
[Yield] 🌾 Starting Yield Management cycle...
[Meteora] ☄️  Scanning DLMM Pools...
[Meteora] Found 90 active pools.
[Meteora] 🔥 Opportunity: SOL-USDC
   - Address: BGm1tav58oGcsQJehL9WXBFXF7D27vZsKefj4xJKD5Y
   - 24h Vol: $36,375,095.971
   - TVL: $6,730,201.598
   - Utilization: 5.40x
[Logger] Action logged: DISCOVERY_METEORA So11111111111111111111111111111111111111112 (candidate)
[Meteora] 🔥 Opportunity: cbBTC-USDC
   - Address: 7ubS3GccjhQY99AYNKXjNJqnXjaokEdfdV915xnCb96r
   - 24h Vol: $11,850,542.368
   - TVL: $1,202,307.614
   - Utilization: 9.86x
[Logger] Action logged: DISCOVERY_METEORA cbbtcf3aa214zXHbiAZQwf4122FBYbraNdFqgw4iMij (candidate)
[Meteora] 🔥 Opportunity: PENGUIN-SOL
   - Address: LJGCprfvx4qZVXktL24CLArGwzpAsQXjq5AQFa5w6WT
   - 24h Vol: $7,926,219.02
   - TVL: $1,042,021.317
   - Utilization: 7.61x
[Logger] Action logged: DISCOVERY_METEORA 8Jx8AAHj86wbQgUTjGuj6GTTL5Ps3cqxKRTvpaJApump (candidate)
[Meteora] 🔥 Opportunity: HYPE-SOL
   - Address: 81GpCm4d13y8TozYtThabuSCLQN2o3bbrvDogXFPn8sA
   - 24h Vol: $7,836,977.528
   - TVL: $3,880,563.234
   - Utilization: 2.02x
[Logger] Action logged: DISCOVERY_METEORA 98sMhvDwXj1RQi5c5Mndm3vPe9cBqPrbLaufMXFNMh5g (candidate)
[Meteora] 🔥 Opportunity: SOL-USDC
   - Address: 5rCf1DM8LjKTw4YqhnoLcngyZYeNnQqztScTogYHAS6
   - 24h Vol: $6,468,543.859
   - TVL: $1,316,148.403
   - Utilization: 4.91x
[Logger] Action logged: DISCOVERY_METEORA So11111111111111111111111111111111111111112 (candidate)
[Meteora] 🔥 Opportunity: SOL-USDC
   - Address: HTvjzsfX3yU6BUodCjZ5vZkUrAxMDTrBs3CJaq43ashR
   - 24h Vol: $5,982,290.605
   - TVL: $306,243.036
   - Utilization: 19.53x
[Logger] Action logged: DISCOVERY_METEORA So11111111111111111111111111111111111111112 (candidate)
[Meteora] 🔥 Opportunity: PUMP-USDC
   - Address: 9SMp4yLKGtW9TnLimfVPkDARsyNSfJw43WMke4r7KoZj
   - 24h Vol: $4,608,926.157
   - TVL: $1,022,140.095
   - Utilization: 4.51x
[Logger] Action logged: DISCOVERY_METEORA pumpCmXqMfrsAkQ5r49WcJnRayYRqmXz6ae8H7H9Dfn (candidate)
[Meteora] 🔥 Opportunity: BFS-SOL
   - Address: E6sr5aGsJwkmvxQxLWrLzo78wMFQm7JUn6aCTGpF4zmH
   - 24h Vol: $4,433,904.659
   - TVL: $146,104.597
   - Utilization: 30.35x
[Logger] Action logged: DISCOVERY_METEORA 2k8yZaJjf61unHriuqdmvbxe7CUhEYML5kVJDbcotKjU (candidate)
[Meteora] 🔥 Opportunity: ETH-SOL
   - Address: 3potGhhaNyzvCNq1CGh2wLbZLLMjpdPtG1Hpj8q2DDVR
   - 24h Vol: $3,231,746.116
   - TVL: $225,272.717
   - Utilization: 14.35x
[Logger] Action logged: DISCOVERY_METEORA 7vfCXTUXx5WJV5JADk17DUJ4ksgau7utNKj4b963voxs (candidate)
[Meteora] 🔥 Opportunity: JupSOL-INF
   - Address: H1tk6dsTZniLopJPnHnNQ4L2PDSp7he1vS7sTLeNLZMo
   - 24h Vol: $3,185,981.461
   - TVL: $466,155.623
   - Utilization: 6.83x
[Logger] Action logged: DISCOVERY_METEORA jupSoLaHXQiZZTSfEWMTRRgpnyFm8f6sZdosWBjx93v (candidate)
[Yield] 🌊 MOMENTUM OVERRIDE: SOL-USDC has massive volume ($36.4M). Entering.
[Yield] 🚀 ENTERING POOL SOL-USDC (BGm1tav58oGcsQJehL9WXBFXF7D27vZsKefj4xJKD5Y)
[Yield] ❌ Entry Failed for SOL-USDC: newPositionKeypair is not defined
[Yield] 🌊 MOMENTUM OVERRIDE: cbBTC-USDC has massive volume ($11.9M). Entering.
[Yield] 🚀 ENTERING POOL cbBTC-USDC (7ubS3GccjhQY99AYNKXjNJqnXjaokEdfdV915xnCb96r)
[Yield] ⚠️ Non-SOL pair skipped: cbBTC-USDC
[Yield] 🌊 MOMENTUM OVERRIDE: PENGUIN-SOL has massive volume ($7.9M). Entering.
[Yield] 🚀 ENTERING POOL PENGUIN-SOL (LJGCprfvx4qZVXktL24CLArGwzpAsQXjq5AQFa5w6WT)
[Yield] ❌ Entry Failed for PENGUIN-SOL: newPositionKeypair is not defined
[Yield] 🌊 MOMENTUM OVERRIDE: HYPE-SOL has massive volume ($7.8M). Entering.
[Yield] 🚀 ENTERING POOL HYPE-SOL (81GpCm4d13y8TozYtThabuSCLQN2o3bbrvDogXFPn8sA)
[Yield] ❌ Entry Failed for HYPE-SOL: newPositionKeypair is not defined
[Yield] 🌊 MOMENTUM OVERRIDE: SOL-USDC has massive volume ($6.5M). Entering.
[Yield] 🚀 ENTERING POOL SOL-USDC (5rCf1DM8LjKTw4YqhnoLcngyZYeNnQqztScTogYHAS6)
[Yield] ❌ Entry Failed for SOL-USDC: newPositionKeypair is not defined
[Yield] 🌊 MOMENTUM OVERRIDE: SOL-USDC has massive volume ($6.0M). Entering.
[Yield] 🚀 ENTERING POOL SOL-USDC (HTvjzsfX3yU6BUodCjZ5vZkUrAxMDTrBs3CJaq43ashR)
[Yield] ❌ Entry Failed for SOL-USDC: newPositionKeypair is not defined
[Yield] 🌊 MOMENTUM OVERRIDE: PUMP-USDC has massive volume ($4.6M). Entering.
[Yield] 🚀 ENTERING POOL PUMP-USDC (9SMp4yLKGtW9TnLimfVPkDARsyNSfJw43WMke4r7KoZj)
[Yield] ⚠️ Non-SOL pair skipped: PUMP-USDC
[Yield] 🌊 MOMENTUM OVERRIDE: BFS-SOL has massive volume ($4.4M). Entering.
[Yield] 🚀 ENTERING POOL BFS-SOL (E6sr5aGsJwkmvxQxLWrLzo78wMFQm7JUn6aCTGpF4zmH)
[Yield] ❌ Entry Failed for BFS-SOL: newPositionKeypair is not defined
[Yield] 🌊 MOMENTUM OVERRIDE: ETH-SOL has massive volume ($3.2M). Entering.
[Yield] 🚀 ENTERING POOL ETH-SOL (3potGhhaNyzvCNq1CGh2wLbZLLMjpdPtG1Hpj8q2DDVR)
[Yield] ❌ Entry Failed for ETH-SOL: newPositionKeypair is not defined
[Yield] 🌊 MOMENTUM OVERRIDE: JupSOL-INF has massive volume ($3.2M). Entering.
[Yield] 🚀 ENTERING POOL JupSOL-INF (H1tk6dsTZniLopJPnHnNQ4L2PDSp7he1vS7sTLeNLZMo)
[Yield] ⚠️ Non-SOL pair skipped: JupSOL-INF
[Yield] 🌾 Starting Yield Management cycle...
[Meteora] ☄️  Scanning DLMM Pools...
[Meteora] Found 90 active pools.
[Meteora] 🔥 Opportunity: SOL-USDC
   - Address: BGm1tav58oGcsQJehL9WXBFXF7D27vZsKefj4xJKD5Y
   - 24h Vol: $36,375,095.799
   - TVL: $6,730,201.598
   - Utilization: 5.40x
[Logger] Action logged: DISCOVERY_METEORA So11111111111111111111111111111111111111112 (candidate)
[Meteora] 🔥 Opportunity: cbBTC-USDC
   - Address: 7ubS3GccjhQY99AYNKXjNJqnXjaokEdfdV915xnCb96r
   - 24h Vol: $11,850,542.368
   - TVL: $1,202,307.614
   - Utilization: 9.86x
[Logger] Action logged: DISCOVERY_METEORA cbbtcf3aa214zXHbiAZQwf4122FBYbraNdFqgw4iMij (candidate)
[Meteora] 🔥 Opportunity: PENGUIN-SOL
   - Address: LJGCprfvx4qZVXktL24CLArGwzpAsQXjq5AQFa5w6WT
   - 24h Vol: $7,922,780.883
   - TVL: $1,042,116.758
   - Utilization: 7.60x
[Logger] Action logged: DISCOVERY_METEORA 8Jx8AAHj86wbQgUTjGuj6GTTL5Ps3cqxKRTvpaJApump (candidate)
[Meteora] 🔥 Opportunity: HYPE-SOL
   - Address: 81GpCm4d13y8TozYtThabuSCLQN2o3bbrvDogXFPn8sA
   - 24h Vol: $7,836,977.528
   - TVL: $3,879,442.74
   - Utilization: 2.02x
[Logger] Action logged: DISCOVERY_METEORA 98sMhvDwXj1RQi5c5Mndm3vPe9cBqPrbLaufMXFNMh5g (candidate)
[Meteora] 🔥 Opportunity: SOL-USDC
   - Address: 5rCf1DM8LjKTw4YqhnoLcngyZYeNnQqztScTogYHAS6
   - 24h Vol: $6,466,759.672
   - TVL: $1,317,094.365
   - Utilization: 4.91x
[Logger] Action logged: DISCOVERY_METEORA So11111111111111111111111111111111111111112 (candidate)
[Meteora] 🔥 Opportunity: SOL-USDC
   - Address: HTvjzsfX3yU6BUodCjZ5vZkUrAxMDTrBs3CJaq43ashR
   - 24h Vol: $5,982,136.352
   - TVL: $306,475.093
   - Utilization: 19.52x
[Logger] Action logged: DISCOVERY_METEORA So11111111111111111111111111111111111111112 (candidate)
[Meteora] 🔥 Opportunity: PUMP-USDC
   - Address: 9SMp4yLKGtW9TnLimfVPkDARsyNSfJw43WMke4r7KoZj
   - 24h Vol: $4,655,920.219
   - TVL: $1,029,593.698
   - Utilization: 4.52x
[Logger] Action logged: DISCOVERY_METEORA pumpCmXqMfrsAkQ5r49WcJnRayYRqmXz6ae8H7H9Dfn (candidate)
[Meteora] 🔥 Opportunity: BFS-SOL
   - Address: E6sr5aGsJwkmvxQxLWrLzo78wMFQm7JUn6aCTGpF4zmH
   - 24h Vol: $4,434,195.863
   - TVL: $146,328.394
   - Utilization: 30.30x
[Logger] Action logged: DISCOVERY_METEORA 2k8yZaJjf61unHriuqdmvbxe7CUhEYML5kVJDbcotKjU (candidate)
[Meteora] 🔥 Opportunity: ETH-SOL
   - Address: 3potGhhaNyzvCNq1CGh2wLbZLLMjpdPtG1Hpj8q2DDVR
   - 24h Vol: $3,231,746.116
   - TVL: $225,272.717
   - Utilization: 14.35x
[Logger] Action logged: DISCOVERY_METEORA 7vfCXTUXx5WJV5JADk17DUJ4ksgau7utNKj4b963voxs (candidate)
[Meteora] 🔥 Opportunity: JupSOL-INF
   - Address: H1tk6dsTZniLopJPnHnNQ4L2PDSp7he1vS7sTLeNLZMo
   - 24h Vol: $3,185,981.461
   - TVL: $466,155.623
   - Utilization: 6.83x
[Logger] Action logged: DISCOVERY_METEORA jupSoLaHXQiZZTSfEWMTRRgpnyFm8f6sZdosWBjx93v (candidate)
[Yield] 🌊 MOMENTUM OVERRIDE: SOL-USDC has massive volume ($36.4M). Entering.
[Yield] 🚀 ENTERING POOL SOL-USDC (BGm1tav58oGcsQJehL9WXBFXF7D27vZsKefj4xJKD5Y)
[Yield] ❌ Entry Failed for SOL-USDC: newPositionKeypair is not defined
[Yield] 🌊 MOMENTUM OVERRIDE: cbBTC-USDC has massive volume ($11.9M). Entering.
[Yield] 🚀 ENTERING POOL cbBTC-USDC (7ubS3GccjhQY99AYNKXjNJqnXjaokEdfdV915xnCb96r)
[Yield] ⚠️ Non-SOL pair skipped: cbBTC-USDC
[Yield] 🌊 MOMENTUM OVERRIDE: PENGUIN-SOL has massive volume ($7.9M). Entering.
[Yield] 🚀 ENTERING POOL PENGUIN-SOL (LJGCprfvx4qZVXktL24CLArGwzpAsQXjq5AQFa5w6WT)
[Yield] ❌ Entry Failed for PENGUIN-SOL: newPositionKeypair is not defined
[Yield] 🌊 MOMENTUM OVERRIDE: HYPE-SOL has massive volume ($7.8M). Entering.
[Yield] 🚀 ENTERING POOL HYPE-SOL (81GpCm4d13y8TozYtThabuSCLQN2o3bbrvDogXFPn8sA)
[Yield] ❌ Entry Failed for HYPE-SOL: newPositionKeypair is not defined
[Yield] 🌊 MOMENTUM OVERRIDE: SOL-USDC has massive volume ($6.5M). Entering.
[Yield] 🚀 ENTERING POOL SOL-USDC (5rCf1DM8LjKTw4YqhnoLcngyZYeNnQqztScTogYHAS6)
[Yield] ❌ Entry Failed for SOL-USDC: newPositionKeypair is not defined
[Yield] 🌊 MOMENTUM OVERRIDE: SOL-USDC has massive volume ($6.0M). Entering.
[Yield] 🚀 ENTERING POOL SOL-USDC (HTvjzsfX3yU6BUodCjZ5vZkUrAxMDTrBs3CJaq43ashR)
[Yield] ❌ Entry Failed for SOL-USDC: newPositionKeypair is not defined
[Yield] 🌊 MOMENTUM OVERRIDE: PUMP-USDC has massive volume ($4.7M). Entering.
[Yield] 🚀 ENTERING POOL PUMP-USDC (9SMp4yLKGtW9TnLimfVPkDARsyNSfJw43WMke4r7KoZj)
[Yield] ⚠️ Non-SOL pair skipped: PUMP-USDC
[Yield] 🌊 MOMENTUM OVERRIDE: BFS-SOL has massive volume ($4.4M). Entering.
[Yield] 🚀 ENTERING POOL BFS-SOL (E6sr5aGsJwkmvxQxLWrLzo78wMFQm7JUn6aCTGpF4zmH)
[Yield] ❌ Entry Failed for BFS-SOL: newPositionKeypair is not defined
[Yield] 🌊 MOMENTUM OVERRIDE: ETH-SOL has massive volume ($3.2M). Entering.
[Yield] 🚀 ENTERING POOL ETH-SOL (3potGhhaNyzvCNq1CGh2wLbZLLMjpdPtG1Hpj8q2DDVR)
[Yield] ❌ Entry Failed for ETH-SOL: newPositionKeypair is not defined
[Yield] 🌊 MOMENTUM OVERRIDE: JupSOL-INF has massive volume ($3.2M). Entering.
[Yield] 🚀 ENTERING POOL JupSOL-INF (H1tk6dsTZniLopJPnHnNQ4L2PDSp7he1vS7sTLeNLZMo)
[Yield] ⚠️ Non-SOL pair skipped: JupSOL-INF
[Dashboard] 🔄 Starting update cycle...
[Dashboard] ✅ Data updated with narrative: RUNNING; PID 168823; health GOOD; lastUpdate 1770558815843 — uptime stable, telemetry nominal, ready for ongoing operations.
[Yield] 🌾 Starting Yield Management cycle...
[Meteora] ☄️  Scanning DLMM Pools...
[Meteora] Found 90 active pools.
[Meteora] 🔥 Opportunity: SOL-USDC
   - Address: BGm1tav58oGcsQJehL9WXBFXF7D27vZsKefj4xJKD5Y
   - 24h Vol: $36,396,955.229
   - TVL: $6,734,592.532
   - Utilization: 5.40x
[Logger] Action logged: DISCOVERY_METEORA So11111111111111111111111111111111111111112 (candidate)
[Meteora] 🔥 Opportunity: cbBTC-USDC
   - Address: 7ubS3GccjhQY99AYNKXjNJqnXjaokEdfdV915xnCb96r
   - 24h Vol: $11,840,427.134
   - TVL: $1,202,654.683
   - Utilization: 9.85x
[Logger] Action logged: DISCOVERY_METEORA cbbtcf3aa214zXHbiAZQwf4122FBYbraNdFqgw4iMij (candidate)
[Meteora] 🔥 Opportunity: PENGUIN-SOL
   - Address: LJGCprfvx4qZVXktL24CLArGwzpAsQXjq5AQFa5w6WT
   - 24h Vol: $7,931,509.631
   - TVL: $1,047,386.56
   - Utilization: 7.57x
[Logger] Action logged: DISCOVERY_METEORA 8Jx8AAHj86wbQgUTjGuj6GTTL5Ps3cqxKRTvpaJApump (candidate)
[Meteora] 🔥 Opportunity: HYPE-SOL
   - Address: 81GpCm4d13y8TozYtThabuSCLQN2o3bbrvDogXFPn8sA
   - 24h Vol: $7,836,977.528
   - TVL: $3,879,442.74
   - Utilization: 2.02x
[Logger] Action logged: DISCOVERY_METEORA 98sMhvDwXj1RQi5c5Mndm3vPe9cBqPrbLaufMXFNMh5g (candidate)
[Meteora] 🔥 Opportunity: SOL-USDC
   - Address: 5rCf1DM8LjKTw4YqhnoLcngyZYeNnQqztScTogYHAS6
   - 24h Vol: $6,465,663.531
   - TVL: $1,314,966.667
   - Utilization: 4.92x
[Logger] Action logged: DISCOVERY_METEORA So11111111111111111111111111111111111111112 (candidate)
[Meteora] 🔥 Opportunity: SOL-USDC
   - Address: HTvjzsfX3yU6BUodCjZ5vZkUrAxMDTrBs3CJaq43ashR
   - 24h Vol: $5,983,595.168
   - TVL: $306,656.858
   - Utilization: 19.51x
[Logger] Action logged: DISCOVERY_METEORA So11111111111111111111111111111111111111112 (candidate)
[Meteora] 🔥 Opportunity: PUMP-USDC
   - Address: 9SMp4yLKGtW9TnLimfVPkDARsyNSfJw43WMke4r7KoZj
   - 24h Vol: $4,655,920.219
   - TVL: $1,029,593.698
   - Utilization: 4.52x
[Logger] Action logged: DISCOVERY_METEORA pumpCmXqMfrsAkQ5r49WcJnRayYRqmXz6ae8H7H9Dfn (candidate)
[Meteora] 🔥 Opportunity: BFS-SOL
   - Address: E6sr5aGsJwkmvxQxLWrLzo78wMFQm7JUn6aCTGpF4zmH
   - 24h Vol: $4,441,767.955
   - TVL: $147,857.079
   - Utilization: 30.04x
[Logger] Action logged: DISCOVERY_METEORA 2k8yZaJjf61unHriuqdmvbxe7CUhEYML5kVJDbcotKjU (candidate)
[Meteora] 🔥 Opportunity: ETH-SOL
   - Address: 3potGhhaNyzvCNq1CGh2wLbZLLMjpdPtG1Hpj8q2DDVR
   - 24h Vol: $3,231,488.174
   - TVL: $225,650.976
   - Utilization: 14.32x
[Logger] Action logged: DISCOVERY_METEORA 7vfCXTUXx5WJV5JADk17DUJ4ksgau7utNKj4b963voxs (candidate)
[Meteora] 🔥 Opportunity: JupSOL-INF
   - Address: H1tk6dsTZniLopJPnHnNQ4L2PDSp7he1vS7sTLeNLZMo
   - 24h Vol: $3,185,981.461
   - TVL: $466,155.623
   - Utilization: 6.83x
[Logger] Action logged: DISCOVERY_METEORA jupSoLaHXQiZZTSfEWMTRRgpnyFm8f6sZdosWBjx93v (candidate)
[Yield] 🌊 MOMENTUM OVERRIDE: SOL-USDC has massive volume ($36.4M). Entering.
[Yield] 🚀 ENTERING POOL SOL-USDC (BGm1tav58oGcsQJehL9WXBFXF7D27vZsKefj4xJKD5Y)
[Yield] ❌ Entry Failed for SOL-USDC: newPositionKeypair is not defined
[Yield] 🌊 MOMENTUM OVERRIDE: cbBTC-USDC has massive volume ($11.8M). Entering.
[Yield] 🚀 ENTERING POOL cbBTC-USDC (7ubS3GccjhQY99AYNKXjNJqnXjaokEdfdV915xnCb96r)
[Yield] ⚠️ Non-SOL pair skipped: cbBTC-USDC
[Yield] 🌊 MOMENTUM OVERRIDE: PENGUIN-SOL has massive volume ($7.9M). Entering.
[Yield] 🚀 ENTERING POOL PENGUIN-SOL (LJGCprfvx4qZVXktL24CLArGwzpAsQXjq5AQFa5w6WT)
[Yield] ❌ Entry Failed for PENGUIN-SOL: newPositionKeypair is not defined
[Yield] 🌊 MOMENTUM OVERRIDE: HYPE-SOL has massive volume ($7.8M). Entering.
[Yield] 🚀 ENTERING POOL HYPE-SOL (81GpCm4d13y8TozYtThabuSCLQN2o3bbrvDogXFPn8sA)
[Yield] ❌ Entry Failed for HYPE-SOL: newPositionKeypair is not defined
[Yield] 🌊 MOMENTUM OVERRIDE: SOL-USDC has massive volume ($6.5M). Entering.
[Yield] 🚀 ENTERING POOL SOL-USDC (5rCf1DM8LjKTw4YqhnoLcngyZYeNnQqztScTogYHAS6)
[Yield] ❌ Entry Failed for SOL-USDC: newPositionKeypair is not defined
[Yield] 🌊 MOMENTUM OVERRIDE: SOL-USDC has massive volume ($6.0M). Entering.
[Yield] 🚀 ENTERING POOL SOL-USDC (HTvjzsfX3yU6BUodCjZ5vZkUrAxMDTrBs3CJaq43ashR)
[Yield] ❌ Entry Failed for SOL-USDC: newPositionKeypair is not defined
[Yield] 🌊 MOMENTUM OVERRIDE: PUMP-USDC has massive volume ($4.7M). Entering.
[Yield] 🚀 ENTERING POOL PUMP-USDC (9SMp4yLKGtW9TnLimfVPkDARsyNSfJw43WMke4r7KoZj)
[Yield] ⚠️ Non-SOL pair skipped: PUMP-USDC
[Yield] 🌊 MOMENTUM OVERRIDE: BFS-SOL has massive volume ($4.4M). Entering.
[Yield] 🚀 ENTERING POOL BFS-SOL (E6sr5aGsJwkmvxQxLWrLzo78wMFQm7JUn6aCTGpF4zmH)
[Yield] ❌ Entry Failed for BFS-SOL: newPositionKeypair is not defined
[Yield] 🌊 MOMENTUM OVERRIDE: ETH-SOL has massive volume ($3.2M). Entering.
[Yield] 🚀 ENTERING POOL ETH-SOL (3potGhhaNyzvCNq1CGh2wLbZLLMjpdPtG1Hpj8q2DDVR)
[Yield] ❌ Entry Failed for ETH-SOL: newPositionKeypair is not defined
[Yield] 🌊 MOMENTUM OVERRIDE: JupSOL-INF has massive volume ($3.2M). Entering.
[Yield] 🚀 ENTERING POOL JupSOL-INF (H1tk6dsTZniLopJPnHnNQ4L2PDSp7he1vS7sTLeNLZMo)
[Yield] ⚠️ Non-SOL pair skipped: JupSOL-INF
[Yield] 🌾 Starting Yield Management cycle...
[Meteora] ☄️  Scanning DLMM Pools...
[Meteora] Found 90 active pools.
[Meteora] 🔥 Opportunity: SOL-USDC
   - Address: BGm1tav58oGcsQJehL9WXBFXF7D27vZsKefj4xJKD5Y
   - 24h Vol: $36,396,909.156
   - TVL: $6,735,081.028
   - Utilization: 5.40x
[Logger] Action logged: DISCOVERY_METEORA So11111111111111111111111111111111111111112 (candidate)
[Meteora] 🔥 Opportunity: cbBTC-USDC
   - Address: 7ubS3GccjhQY99AYNKXjNJqnXjaokEdfdV915xnCb96r
   - 24h Vol: $11,840,427.134
   - TVL: $1,202,654.683
   - Utilization: 9.85x
[Logger] Action logged: DISCOVERY_METEORA cbbtcf3aa214zXHbiAZQwf4122FBYbraNdFqgw4iMij (candidate)
[Meteora] 🔥 Opportunity: PENGUIN-SOL
   - Address: LJGCprfvx4qZVXktL24CLArGwzpAsQXjq5AQFa5w6WT
   - 24h Vol: $7,936,399.439
   - TVL: $1,050,869.929
   - Utilization: 7.55x
[Logger] Action logged: DISCOVERY_METEORA 8Jx8AAHj86wbQgUTjGuj6GTTL5Ps3cqxKRTvpaJApump (candidate)
[Meteora] 🔥 Opportunity: HYPE-SOL
   - Address: 81GpCm4d13y8TozYtThabuSCLQN2o3bbrvDogXFPn8sA
   - 24h Vol: $7,837,510.668
   - TVL: $3,884,754.033
   - Utilization: 2.02x
[Logger] Action logged: DISCOVERY_METEORA 98sMhvDwXj1RQi5c5Mndm3vPe9cBqPrbLaufMXFNMh5g (candidate)
[Meteora] 🔥 Opportunity: SOL-USDC
   - Address: 5rCf1DM8LjKTw4YqhnoLcngyZYeNnQqztScTogYHAS6
   - 24h Vol: $6,464,362.48
   - TVL: $1,314,987.377
   - Utilization: 4.92x
[Logger] Action logged: DISCOVERY_METEORA So11111111111111111111111111111111111111112 (candidate)
[Meteora] 🔥 Opportunity: SOL-USDC
   - Address: HTvjzsfX3yU6BUodCjZ5vZkUrAxMDTrBs3CJaq43ashR
   - 24h Vol: $5,983,674.411
   - TVL: $306,573.79
   - Utilization: 19.52x
[Logger] Action logged: DISCOVERY_METEORA So11111111111111111111111111111111111111112 (candidate)
[Meteora] 🔥 Opportunity: PUMP-USDC
   - Address: 9SMp4yLKGtW9TnLimfVPkDARsyNSfJw43WMke4r7KoZj
   - 24h Vol: $4,650,704.889
   - TVL: $1,029,494.905
   - Utilization: 4.52x
[Logger] Action logged: DISCOVERY_METEORA pumpCmXqMfrsAkQ5r49WcJnRayYRqmXz6ae8H7H9Dfn (candidate)
[Meteora] 🔥 Opportunity: BFS-SOL
   - Address: E6sr5aGsJwkmvxQxLWrLzo78wMFQm7JUn6aCTGpF4zmH
   - 24h Vol: $4,442,569.52
   - TVL: $147,676.888
   - Utilization: 30.08x
[Logger] Action logged: DISCOVERY_METEORA 2k8yZaJjf61unHriuqdmvbxe7CUhEYML5kVJDbcotKjU (candidate)
[Meteora] 🔥 Opportunity: ETH-SOL
   - Address: 3potGhhaNyzvCNq1CGh2wLbZLLMjpdPtG1Hpj8q2DDVR
   - 24h Vol: $3,231,488.174
   - TVL: $225,618.764
   - Utilization: 14.32x
[Logger] Action logged: DISCOVERY_METEORA 7vfCXTUXx5WJV5JADk17DUJ4ksgau7utNKj4b963voxs (candidate)
[Meteora] 🔥 Opportunity: JupSOL-INF
   - Address: H1tk6dsTZniLopJPnHnNQ4L2PDSp7he1vS7sTLeNLZMo
   - 24h Vol: $3,185,981.461
   - TVL: $466,155.623
   - Utilization: 6.83x
[Logger] Action logged: DISCOVERY_METEORA jupSoLaHXQiZZTSfEWMTRRgpnyFm8f6sZdosWBjx93v (candidate)
[Yield] 🌊 MOMENTUM OVERRIDE: SOL-USDC has massive volume ($36.4M). Entering.
[Yield] 🚀 ENTERING POOL SOL-USDC (BGm1tav58oGcsQJehL9WXBFXF7D27vZsKefj4xJKD5Y)
[Yield] ❌ Entry Failed for SOL-USDC: newPositionKeypair is not defined
[Yield] 🌊 MOMENTUM OVERRIDE: cbBTC-USDC has massive volume ($11.8M). Entering.
[Yield] 🚀 ENTERING POOL cbBTC-USDC (7ubS3GccjhQY99AYNKXjNJqnXjaokEdfdV915xnCb96r)
[Yield] ⚠️ Non-SOL pair skipped: cbBTC-USDC
[Yield] 🌊 MOMENTUM OVERRIDE: PENGUIN-SOL has massive volume ($7.9M). Entering.
[Yield] 🚀 ENTERING POOL PENGUIN-SOL (LJGCprfvx4qZVXktL24CLArGwzpAsQXjq5AQFa5w6WT)
[Yield] ❌ Entry Failed for PENGUIN-SOL: newPositionKeypair is not defined
[Yield] 🌊 MOMENTUM OVERRIDE: HYPE-SOL has massive volume ($7.8M). Entering.
[Yield] 🚀 ENTERING POOL HYPE-SOL (81GpCm4d13y8TozYtThabuSCLQN2o3bbrvDogXFPn8sA)
[Yield] ❌ Entry Failed for HYPE-SOL: newPositionKeypair is not defined
[Yield] 🌊 MOMENTUM OVERRIDE: SOL-USDC has massive volume ($6.5M). Entering.
[Yield] 🚀 ENTERING POOL SOL-USDC (5rCf1DM8LjKTw4YqhnoLcngyZYeNnQqztScTogYHAS6)
[Yield] ❌ Entry Failed for SOL-USDC: newPositionKeypair is not defined
[Yield] 🌊 MOMENTUM OVERRIDE: SOL-USDC has massive volume ($6.0M). Entering.
[Yield] 🚀 ENTERING POOL SOL-USDC (HTvjzsfX3yU6BUodCjZ5vZkUrAxMDTrBs3CJaq43ashR)
[Yield] ❌ Entry Failed for SOL-USDC: newPositionKeypair is not defined
[Yield] 🌊 MOMENTUM OVERRIDE: PUMP-USDC has massive volume ($4.7M). Entering.
[Yield] 🚀 ENTERING POOL PUMP-USDC (9SMp4yLKGtW9TnLimfVPkDARsyNSfJw43WMke4r7KoZj)
[Yield] ⚠️ Non-SOL pair skipped: PUMP-USDC
[Yield] 🌊 MOMENTUM OVERRIDE: BFS-SOL has massive volume ($4.4M). Entering.
[Yield] 🚀 ENTERING POOL BFS-SOL (E6sr5aGsJwkmvxQxLWrLzo78wMFQm7JUn6aCTGpF4zmH)
[Yield] ❌ Entry Failed for BFS-SOL: newPositionKeypair is not defined
[Yield] 🌊 MOMENTUM OVERRIDE: ETH-SOL has massive volume ($3.2M). Entering.
[Yield] 🚀 ENTERING POOL ETH-SOL (3potGhhaNyzvCNq1CGh2wLbZLLMjpdPtG1Hpj8q2DDVR)
[Yield] ❌ Entry Failed for ETH-SOL: newPositionKeypair is not defined
[Yield] 🌊 MOMENTUM OVERRIDE: JupSOL-INF has massive volume ($3.2M). Entering.
[Yield] 🚀 ENTERING POOL JupSOL-INF (H1tk6dsTZniLopJPnHnNQ4L2PDSp7he1vS7sTLeNLZMo)
[Yield] ⚠️ Non-SOL pair skipped: JupSOL-INF
[Yield] 🌾 Starting Yield Management cycle...
[Meteora] ☄️  Scanning DLMM Pools...
